/home/murad/advanced_robotics_project/iris/install/iris_drone/lib/python3.10/site-packages/iris_drone/__init__.py
/home/murad/advanced_robotics_project/iris/install/iris_drone/lib/python3.10/site-packages/iris_drone/odom_publisher.py
/home/murad/advanced_robotics_project/iris/install/iris_drone/lib/python3.10/site-packages/iris_drone/mission.py
/home/murad/advanced_robotics_project/iris/install/iris_drone/lib/python3.10/site-packages/iris_drone/real_time_node.py
/home/murad/advanced_robotics_project/iris/install/iris_drone/lib/python3.10/site-packages/iris_drone/dynamic_tf.py
/home/murad/advanced_robotics_project/iris/install/iris_drone/lib/python3.10/site-packages/iris_drone/ardupilot.py
/home/murad/advanced_robotics_project/iris/install/iris_drone/lib/python3.10/site-packages/iris_drone/test.py
/home/murad/advanced_robotics_project/iris/install/iris_drone/lib/python3.10/site-packages/iris_drone/__pycache__/__init__.cpython-310.pyc
/home/murad/advanced_robotics_project/iris/install/iris_drone/lib/python3.10/site-packages/iris_drone/__pycache__/odom_publisher.cpython-310.pyc
/home/murad/advanced_robotics_project/iris/install/iris_drone/lib/python3.10/site-packages/iris_drone/__pycache__/mission.cpython-310.pyc
/home/murad/advanced_robotics_project/iris/install/iris_drone/lib/python3.10/site-packages/iris_drone/__pycache__/real_time_node.cpython-310.pyc
/home/murad/advanced_robotics_project/iris/install/iris_drone/lib/python3.10/site-packages/iris_drone/__pycache__/dynamic_tf.cpython-310.pyc
/home/murad/advanced_robotics_project/iris/install/iris_drone/lib/python3.10/site-packages/iris_drone/__pycache__/ardupilot.cpython-310.pyc
/home/murad/advanced_robotics_project/iris/install/iris_drone/lib/python3.10/site-packages/iris_drone/__pycache__/test.cpython-310.pyc
/home/murad/advanced_robotics_project/iris/install/iris_drone/share/ament_index/resource_index/packages/iris_drone
/home/murad/advanced_robotics_project/iris/install/iris_drone/share/iris_drone/package.xml
/home/murad/advanced_robotics_project/iris/install/iris_drone/share/iris_drone/launch/iris_publisher.launch.py
/home/murad/advanced_robotics_project/iris/install/iris_drone/share/iris_drone/launch/iris.launch.py
/home/murad/advanced_robotics_project/iris/install/iris_drone/share/iris_drone/iris_prop_cw.dae
/home/murad/advanced_robotics_project/iris/install/iris_drone/share/iris_drone/iris_prop_ccw.dae
/home/murad/advanced_robotics_project/iris/install/iris_drone/share/iris_drone/iris.dae
/home/murad/advanced_robotics_project/iris/install/iris_drone/share/iris_drone/worlds/OUR.world
/home/murad/advanced_robotics_project/iris/install/iris_drone/share/iris_drone/worlds/iris_warehouse.sdf
/home/murad/advanced_robotics_project/iris/install/iris_drone/share/iris_drone/worlds/iris_arducopter_runway.world
/home/murad/advanced_robotics_project/iris/install/iris_drone/share/iris_drone/worlds/empty.world
/home/murad/advanced_robotics_project/iris/install/iris_drone/share/iris_drone/worlds/iris_arducopter_cmac.world
/home/murad/advanced_robotics_project/iris/install/iris_drone/share/iris_drone/urdf/iris_demo.xacro
/home/murad/advanced_robotics_project/iris/install/iris_drone/share/iris_drone/rviz/rviz.rviz
/home/murad/advanced_robotics_project/iris/install/iris_drone/share/iris_drone/config/ekf_config.yaml
/home/murad/advanced_robotics_project/iris/install/iris_drone/lib/python3.10/site-packages/iris_drone-0.0.0-py3.10.egg-info/SOURCES.txt
/home/murad/advanced_robotics_project/iris/install/iris_drone/lib/python3.10/site-packages/iris_drone-0.0.0-py3.10.egg-info/PKG-INFO
/home/murad/advanced_robotics_project/iris/install/iris_drone/lib/python3.10/site-packages/iris_drone-0.0.0-py3.10.egg-info/dependency_links.txt
/home/murad/advanced_robotics_project/iris/install/iris_drone/lib/python3.10/site-packages/iris_drone-0.0.0-py3.10.egg-info/entry_points.txt
/home/murad/advanced_robotics_project/iris/install/iris_drone/lib/python3.10/site-packages/iris_drone-0.0.0-py3.10.egg-info/top_level.txt
/home/murad/advanced_robotics_project/iris/install/iris_drone/lib/python3.10/site-packages/iris_drone-0.0.0-py3.10.egg-info/zip-safe
/home/murad/advanced_robotics_project/iris/install/iris_drone/lib/python3.10/site-packages/iris_drone-0.0.0-py3.10.egg-info/requires.txt
/home/murad/advanced_robotics_project/iris/install/iris_drone/lib/iris_drone/ardupilot
/home/murad/advanced_robotics_project/iris/install/iris_drone/lib/iris_drone/mission
/home/murad/advanced_robotics_project/iris/install/iris_drone/lib/iris_drone/odom_pub
/home/murad/advanced_robotics_project/iris/install/iris_drone/lib/iris_drone/test
/home/murad/advanced_robotics_project/iris/install/iris_drone/lib/iris_drone/tf_pub
